#+Title: Rust code to assembly
#+TODO: NEXT(n) TODO(t) PROCESSING(p) WAITING(w) MAYBE(m) | DONE(d) CANCELLED(c)

* Compiling peak_index_in_mountain_array code to assembly

** Compiling single file

#+begin_src shell
  rustc --emit asm -C opt-level=3 --crate-type lib src/main.rs
#+end_src

#+RESULTS:

Get the ~s~ file ~main.s~. The whole assembly file

** otool on macos

#+begin_src shell
  cargo build --release
#+end_src

#+begin_src shell
  otool -tV target/release/rust-to-assembly
#+end_src

Too many codes

** Use cargo-show-asm

#+begin_src shell
  cargo install cargo-show-asm
#+end_src

#+begin_src shell
  cargo asm --bin rust-to-assembly peak_index_in_mountain_array
#+end_src

If I don't use the ~#[unsafe(no_mangle)]~, ~peak_index_in_mountain_array~ cannot be found

Then I tried

#+begin_src shell
  cargo asm --bin rust-to-assembly main
#+end_src

It will let me choose two main:

#+begin_quote
Try one of those by name or a sequence number
0 "main" [28]
1 "rust_to_assembly::main" [267]
#+end_quote

- 0 main, entry of my app
- 1 rust_to_assembly::main, my main in src/main

after ~#[unsafe(no_mangle)]~ some other args I can use:

#+begin_src shell
  cargo asm --bin rust-to-assembly peak_index_in_mountain_array --rust # source code
#+end_src

I add the result to ~peak_index_in_mountain_array.s~

** Update

I tried to check the mve. So I gonna use the no_std. So I move the ~main.rs~ to ~lib.rs~

All commands upper change to:

#+begin_src shell
  cargo asm --lib peak_index_in_mountain_array
#+end_src

#+begin_quote
	.globl	_peak_index_in_mountain_array
	.p2align	2
_peak_index_in_mountain_array:
Lfunc_begin1:
	.cfi_startproc
	.cfi_personality 155, _rust_eh_personality
	.cfi_lsda 16, Lexception0
	stp x22, x21, [sp, #-48]!
	.cfi_def_cfa_offset 48
	stp x20, x19, [sp, #16]
	stp x29, x30, [sp, #32]
	add x29, sp, #32
	.cfi_def_cfa w29, 16
	.cfi_offset w30, -8
	.cfi_offset w29, -16
	.cfi_offset w19, -24
	.cfi_offset w20, -32
	.cfi_offset w21, -40
	.cfi_offset w22, -48
	.cfi_remember_state
	mov x20, x0
	ldp x19, x1, [x0, #8]
	mov x0, x19
	bl rust_to_assembly::helper
	ldr x8, [x20]
	cbz x8, LBB1_3
	lsl x1, x8, #2
	mov x20, x0
	mov x0, x19
	mov w2, #4
	bl __rustc::__rust_dealloc
	mov x0, x20
LBB1_3:
	.cfi_def_cfa wsp, 48
	ldp x29, x30, [sp, #32]
	ldp x20, x19, [sp, #16]
	ldp x22, x21, [sp], #48
	.cfi_def_cfa_offset 0
	.cfi_restore w30
	.cfi_restore w29
	.cfi_restore w19
	.cfi_restore w20
	.cfi_restore w21
	.cfi_restore w22
	ret
	.cfi_restore_state
	mov x21, x0
	ldr x8, [x20]
	cbz x8, LBB1_6
	lsl x1, x8, #2
	mov x0, x19
	mov w2, #4
	bl __rustc::__rust_dealloc
LBB1_6:
	mov x0, x21
	bl __Unwind_Resume
#+end_quote

* Debug in Emacs

It is different than ~ARM CMSIS development~, for macos, no need the ~arm-none-eabi-gcc~ cross compiling. So there is no elf file here.

#+begin_src
  M-x lldb
#+end_src

then use this link command
#+begin_src
  rust-lldb target/debug/rust-to-assembly
#+end_src

give the breakpoint in lldb

#+begin_src
  b peak_index_in_mountain_array
#+end_src

then run it

#+begin_src
  r
#+end_src

get the assembly and source code

#+begin_src
  disassemble --frame --mixed
#+end_src

#+begin_quote
\** 5   	pub fn peak_index_in_mountain_array(arr: Vec<i32>) -> i32 {

rust-to-assembly`peak_index_in_mountain_array:
    0x100000f68 <+0>:   sub    sp, sp, #0x50
    0x100000f6c <+4>:   stp    x29, x30, [sp, #0x40]
    0x100000f70 <+8>:   add    x29, sp, #0x40
    0x100000f74 <+12>:  str    x0, [sp, #0x18]

-> 6   	    helper(&arr) as i32

->  0x100000f78 <+16>:  bl     0x100000888               ; <alloc::vec::Vec<i32> as core::ops::deref::Deref>::deref at mod.rs:3793
    0x100000f7c <+20>:  str    x0, [sp, #0x20]
    0x100000f80 <+24>:  stur   x1, [x29, #-0x18]
    0x100000f84 <+28>:  b      0x100000fa4               ; <+60> at main.rs
    0x100000f88 <+32>:  ldr    x0, [sp, #0x18]

\** 7   	}
   8   	
   9   	fn helper(arr: &[i32]) -> usize {

    0x100000f8c <+36>:  bl     0x100001010               ; core::ptr::drop_glue::<alloc::vec::Vec<i32>> at mod.rs:825
    0x100000f90 <+40>:  b      0x100000fdc               ; <+116> at main.rs:5:1
    0x100000f94 <+44>:  stur   x0, [x29, #-0x10]
    0x100000f98 <+48>:  mov    x8, x1
    0x100000f9c <+52>:  stur   w8, [x29, #-0x8]
    0x100000fa0 <+56>:  b      0x100000f88               ; <+32> at main.rs
    0x100000fa4 <+60>:  ldur   x1, [x29, #-0x18]
    0x100000fa8 <+64>:  ldr    x0, [sp, #0x20]

\** 6   	    helper(&arr) as i32

    0x100000fac <+68>:  bl     0x100000d20               ; rust_to_assembly::helper at main.rs:9
    0x100000fb0 <+72>:  str    x0, [sp, #0x10]
    0x100000fb4 <+76>:  b      0x100000fb8               ; <+80> at main.rs
    0x100000fb8 <+80>:  ldr    x0, [sp, #0x18]
    0x100000fbc <+84>:  ldr    x8, [sp, #0x10]
    0x100000fc0 <+88>:  str    w8, [sp, #0xc]

\** 7   	}

    0x100000fc4 <+92>:  bl     0x100001010               ; core::ptr::drop_glue::<alloc::vec::Vec<i32>> at mod.rs:825
    0x100000fc8 <+96>:  ldr    w0, [sp, #0xc]
    0x100000fcc <+100>: ldp    x29, x30, [sp, #0x40]
    0x100000fd0 <+104>: add    sp, sp, #0x50
    0x100000fd4 <+108>: ret    

   3   	/// for assembly name unchange
   4   	#[unsafe(no_mangle)]
\** 5   	pub fn peak_index_in_mountain_array(arr: Vec<i32>) -> i32 {

    0x100000fd8 <+112>: bl     0x100034cd8               ; core::panicking::panic_in_cleanup at panicking.rs:351
    0x100000fdc <+116>: ldur   x0, [x29, #-0x10]
    0x100000fe0 <+120>: bl     0x100035074               ; symbol stub for: _Unwind_Resume
#+end_quote

check all registers

#+begin_src
  register read
#+end_src

#+begin_quote
General Purpose Registers:
        x0 = 0x000000016fdfdf58
        x1 = 0x0000000100044028  
        x2 = 0x0000000100044010  
        x3 = 0x0000000000000002
        x4 = 0x0000000000000000
        x5 = 0x0000000000000004
        x6 = 0x0000000000000000
        x7 = 0x0000000000000000
        x8 = 0x0000000000000003
        x9 = 0x0000000100645270
       x10 = 0x0000000000000003
       x11 = 0x001fe46fffffffff
       x12 = 0x0000000000000003
       x13 = 0x000000000000000e
       x14 = 0x0000000000000000
       x15 = 0x00000000ffffffa9
       x16 = 0x92b1000100634030
       x17 = 0x0000000000001128
       x18 = 0x0000000000000000
       x19 = 0x000000016fdfe248
       x20 = 0x0000000100044160  
       x21 = 0x0000000000004000
       x22 = 0x000000016f470000
       x23 = 0x0000000000000000
       x24 = 0x0000000000000001
       x25 = 0x000000016fdfe480
       x26 = 0x00000001fc4ab770  dyld`mach_task_self_
       x27 = 0x0000000000000000
       x28 = 0x0000000000000000
        fp = 0x000000016fdfdee0
        lr = 0x00000001000009c4  rust-to-assembly`rust_to_assembly::main + 284 at main.rs:34:16
        sp = 0x000000016fdfdea0
        pc = 0x0000000100000f78  rust-to-assembly`peak_index_in_mountain_array + 16 at main.rs:6:12
      cpsr = 0x60001000
#+end_quote


** Explain the assembly code

*** Q1: What does the syntax ~[x29, #-0x18]~ mean? What happens to the `x29` register here?

A: This syntax is called "Base plus Offset Addressing". The CPU calculates a temporary physical memory address by subtracting ~0x18~ (24 bytes) from the value stored in the ~x29~ register, and fetches the data from that resulting address. The value inside the ~x29~ register itself remains completely unchanged.

*** Q2: Regarding ~sub sp, sp, #0x50~, isn't ~sub~ subtraction? Does the stack grow downwards from high memory addresses to low memory addresses?

A: Yes, exactly! In most modern architectures (including ARM64 and x86), the stack is Full Descending, meaning it grows downwards. Subtracting from the Stack Pointer (~sp~) effectively allocates memory space for the current function's local variables (the stack frame).

*** Q3: What do these specific assembly instructions mean: ~ldur~, ~ldr~, ~ldp~, ~str~, ~stur~?

A: In ARM architecture, all memory access must go through Load/Store instructions:

~ldr~ (Load Register): Copies data from memory into a register.
~str~ (Store Register):Writes data from a register back into memory.
~ldp~ (Load Pair):Loads two consecutive data items from memory into two distinct registers simultaneously (highly efficient).
~ldur~ / ~stur~ (Load/Store Unscaled Register):Functionally similar to ~ldr~/~str~, but hardware mandates the use of the 'Unscaled' (~u~) variant when the memory offset is negative (e.g., ~#-0x18~) or unaligned.

*** Q4: What exactly does the ~ret~ (return) instruction do?

What physical action occurs inside the CPU?:When the CPU executes ~ret~, it essentially assigns the value of the Link Register (~x30~) to the Program Counter (~PC~). It reads the "return address" (where the function was originally called from) stored in ~x30~ and forcefully redirects the CPU's instruction fetch unit back to the caller function, physically changing the execution path.

*** Q5: Does the instruction ~stp x29, x30, [sp, #0x40]~ mean storing ~x29~ at ~sp + 0x40~, and ~x30~ at the very next address: ~sp + 0x48~?

100% correct. Since ~x~ registers in AArch64 are 64-bit (8 bytes), ~x29~ occupies the 8 bytes starting at ~sp + 0x40~, and ~x30~ neatly occupies the subsequent 8 bytes starting at ~sp + 0x48~. This atomic operation safely backs up the caller's Frame Pointer and Link Register.

*** Q6: In a recursive function, without Tail Call Optimization (TCO), does every ~bl~ (branch) cause a ~sub sp, sp, #0x50~ until the ~sp~ ultimately collides with the upward-growing heap?

Yes, your spatial intuition is spot on! Technically, it's the function prologue (the first few instructions after branching) that performs the ~sub sp~, not the ~bl~ instruction itself. Without a base case or TCO, the downward-growing stack will eventually crash into the boundary or the upward-growing heap, resulting in a literal tack Overflow

*** Q7: Regarding ~add x29, sp, #0x40~—wasn't ~x29~ already at that position due to the previous ~stp~ instruction? Why update it again?

This is a common illusion. The previous ~stp~ instruction stored the old value of ~x29~ into the memory address ~sp + 0x40~. However, the ~x29~ register itself still held the old value. The ~add~ instruction calculates the new anchor address (~sp + 0x40~) and formally overwrites the ~x29~ register with it, making it the new Frame Pointer for the current function.

*** Q8: Why do ~x0~ and ~x1~ seem to be separated in memory (one relative to ~sp~, the other relative to ~x29~)? Are they different lengths? And why use a negative offset (~stur~) to search backwards?

They are actually perfectly adjacent in memory! Since we established that ~x29 = sp + 0x40~, the address ~[x29, #-0x18]~ mathematically evaluates to ~sp + 0x28~. Meanwhile, ~x0~ is at ~sp + 0x20~. The difference is exactly 8 bytes. They form a contiguous 16-byte "Fat Pointer" (representing a slice's pointer and length). The compiler generates this seemingly fragmented addressing logic simply because it's unoptimized Debug code; a Release build would elegantly use a single ~stp~ instruction.

*** Q9: If ~x30~ ultimately dictates the ~PC~ (Program Counter), what exactly is the purpose of ~x29~? What is a "Base Address"?

~x29~ acts as the rame Pointer (FP) which serves as the ase Addressa fixed, absolute anchor point for the current function's stack frame.
While the Stack Pointer (~sp~) might fluctuate dynamically during execution (e.g., dynamically pushing arguments or allocating temporary arrays), ~x29~ remains rock-solid. This ensures local variables can always be reliably accessed using fixed offsets. Furthermore, because each stack frame's ~x29~ points to the previous frame's ~x29~, it creates a linked list in memory, allowing debuggers to trace back the entire call stack (Stack Backtrace).


* Trying to make the example of ARM MVE Predication, Loop Tail Predication

The demo code for ARM MVE, VPT, and Loop Tail

** Check the assembly code

#+begin_src shell
  cargo asm --bin rust-to-assembly add_arrays_mve
#+end_src

Get the M2 code (not the ~thumbv8m.main-none-eabihf~):

#+begin_quote
	.globl	_add_arrays_mve
	.p2align	2
_add_arrays_mve:
Lfunc_begin6:
	.cfi_startproc
	cmp x3, x1
	csel x8, x3, x1, lo
	cmp x5, x8
	csel x8, x5, x8, lo
	cbz x8, LBB6_14
	cmp x8, #4
	b.hs LBB6_3
	mov x9, #0
	b LBB6_12
LBB6_3:
	cmp x8, #16
	b.hs LBB6_5
	mov x9, #0
	b LBB6_9
LBB6_5:
	and x10, x8, #0xc
	and x9, x8, #0x1ffffffffffffff0
	add x11, x0, #32
	add x12, x2, #32
	add x13, x4, #32
	and x14, x8, #0x1ffffffffffffff0
LBB6_6:
	ldp q0, q1, [x11, #-32]
	ldp q2, q3, [x11], #64
	ldp q4, q5, [x12, #-32]
	ldp q6, q7, [x12], #64
	add.4s v0, v4, v0
	add.4s v1, v5, v1
	add.4s v2, v6, v2
	add.4s v3, v7, v3
	stp q0, q1, [x13, #-32]
	stp q2, q3, [x13], #64
	subs x14, x14, #16
	b.ne LBB6_6
	cmp x8, x9
	b.eq LBB6_14
	cbz x10, LBB6_12
LBB6_9:
	mov x11, x9
	and x9, x8, #0x1ffffffffffffffc
	sub x10, x11, x9
	lsl x13, x11, #2
	add x11, x4, x13
	add x12, x2, x13
	add x13, x0, x13
LBB6_10:
	ldr q0, [x13], #16
	ldr q1, [x12], #16
	add.4s v0, v1, v0
	str q0, [x11], #16
	adds x10, x10, #4
	b.ne LBB6_10
	cmp x8, x9
	b.eq LBB6_14
LBB6_12:
	lsl x12, x9, #2
	add x10, x4, x12
	add x11, x2, x12
	add x12, x0, x12
	sub x8, x8, x9
LBB6_13:
	ldr w9, [x12], #4
	ldr w13, [x11], #4
	add w9, w13, w9
	str w9, [x10], #4
	subs x8, x8, #1
	b.ne LBB6_13
LBB6_14:
	ret
#+end_quote

Upper code doesnt show any ~mve~ feature because M2 doesnt have it

** Add the correct the target for checking the ~mve~

Add the new target

#+begin_src shell
  rustup target add thumbv8m.main-none-eabihf
#+end_src

#+begin_src shell
  cargo asm --bin rust-to-assembly add_arrays_mve --target thumbv8m.main-none-eabihf --rust -C target-feature=+mve -C opt-level=3
#+end_src

Then get more error. Need to move ~main.rs~ to ~lib.rs~

** Get more error. Move the ~main.rs~ to ~lib.rs~.

Check the ~peak_index_in_mountain_array~

#+begin_src shell
  cargo asm --lib peak_index_in_mountain_array
#+end_src

Check ~mve~ code now

#+begin_src shell
  cargo asm --lib add_arrays_mve --target thumbv8m.main-none-eabihf --rust
#+end_src

#+begin_quote
.section .text.add_arrays_mve,"ax",%progbits
	.globl	add_arrays_mve
	.p2align	1
	.type	add_arrays_mve,%function
	.code	16
	.thumb_func
add_arrays_mve:
		// src/lib.rs:37
		pub fn add_arrays_mve(a: &[i32], b: &[i32], out: &mut [i32]) {
	.fnstart
	.cfi_startproc
	.save	{r4, r5, r6, r7, lr}
	push {r4, r5, r6, r7, lr}
	.cfi_def_cfa_offset 20
	.cfi_offset lr, -4
	.cfi_offset r7, -8
	.cfi_offset r6, -12
	.cfi_offset r5, -16
	.cfi_offset r4, -20
	.setfp	r7, sp, #12
	add r7, sp, #12
	.cfi_def_cfa r7, 8
	.save	{r8, r9, r10, r11}
	push.w {r8, r9, r10, r11}
	.cfi_offset r11, -24
	.cfi_offset r10, -28
	.cfi_offset r9, -32
	.cfi_offset r8, -36
	ldr r4, [r7, #12]
		// ~/.rustup/toolchains/nightly-aarch64-apple-darwin/lib/rustlib/src/rust/library/core/src/cmp.rs:1077
		if other < self { other } else { self }
	cmp r3, r1
	it lo
	movlo r1, r3
	cmp r4, r1
	it lo
	movlo r1, r4
		// ~/.rustup/toolchains/nightly-aarch64-apple-darwin/lib/rustlib/src/rust/library/core/src/iter/adapters/zip.rs:304
		if self.index < self.len {
	cbz r1, .LBB1_5
	ldr.w r8, [r7, #8]
	and r12, r1, #3
	lsrs r1, r1, #2
	beq .LBB1_6
	lsl.w lr, r1, #2
	lsl.w r9, r1, #4
	movs r4, #0
.LBB1_3:
		// src/lib.rs:38
		for ((&x, &y), z) in a.iter().zip(b.iter()).zip(out.iter_mut()) {
	ldr r5, [r0, r4]
		// ~/.rustup/toolchains/nightly-aarch64-apple-darwin/lib/rustlib/src/rust/library/core/src/ptr/mut_ptr.rs:970
		unsafe { intrinsics::offset(self, count) }
	adds r3, r0, r4
		// src/lib.rs:38
		for ((&x, &y), z) in a.iter().zip(b.iter()).zip(out.iter_mut()) {
	ldr r6, [r2, r4]
	add.w r11, r3, #4
		// src/lib.rs:39
		*z = x + y;
	add r5, r6
	str.w r5, [r8, r4]
		// ~/.rustup/toolchains/nightly-aarch64-apple-darwin/lib/rustlib/src/rust/library/core/src/ptr/mut_ptr.rs:970
		unsafe { intrinsics::offset(self, count) }
	adds r5, r2, r4
		// src/lib.rs:38
		for ((&x, &y), z) in a.iter().zip(b.iter()).zip(out.iter_mut()) {
	ldrd r6, r3, [r5, #4]
	ldm.w r11, {r1, r10, r11}
		// src/lib.rs:39
		*z = x + y;
	add r3, r10
		// src/lib.rs:38
		for ((&x, &y), z) in a.iter().zip(b.iter()).zip(out.iter_mut()) {
	ldr r5, [r5, #12]
		// src/lib.rs:39
		*z = x + y;
	add r1, r6
		// src/lib.rs:38
		for ((&x, &y), z) in a.iter().zip(b.iter()).zip(out.iter_mut()) {
	add.w r6, r8, r4
		// ~/.rustup/toolchains/nightly-aarch64-apple-darwin/lib/rustlib/src/rust/library/core/src/iter/adapters/zip.rs:304
		if self.index < self.len {
	adds r4, #16
		// src/lib.rs:39
		*z = x + y;
	adds r6, #4
	add r5, r11
		// ~/.rustup/toolchains/nightly-aarch64-apple-darwin/lib/rustlib/src/rust/library/core/src/iter/adapters/zip.rs:304
		if self.index < self.len {
	cmp r9, r4
		// src/lib.rs:39
		*z = x + y;
	stm r6!, {r1, r3, r5}
		// ~/.rustup/toolchains/nightly-aarch64-apple-darwin/lib/rustlib/src/rust/library/core/src/iter/adapters/zip.rs:304
		if self.index < self.len {
	bne .LBB1_3
	cmp.w r12, #0
	bne .LBB1_7
.LBB1_5:
		// src/lib.rs:41
		}
	pop.w {r8, r9, r10, r11}
	pop {r4, r5, r6, r7, pc}
.LBB1_6:
	mov.w lr, #0
.LBB1_7:
		// src/lib.rs:38
		for ((&x, &y), z) in a.iter().zip(b.iter()).zip(out.iter_mut()) {
	ldr.w r1, [r0, lr, lsl #2]
		// ~/.rustup/toolchains/nightly-aarch64-apple-darwin/lib/rustlib/src/rust/library/core/src/iter/adapters/zip.rs:304
		if self.index < self.len {
	cmp.w r12, #1
		// src/lib.rs:38
		for ((&x, &y), z) in a.iter().zip(b.iter()).zip(out.iter_mut()) {
	ldr.w r3, [r2, lr, lsl #2]
		// src/lib.rs:39
		*z = x + y;
	add r1, r3
	str.w r1, [r8, lr, lsl #2]
		// ~/.rustup/toolchains/nightly-aarch64-apple-darwin/lib/rustlib/src/rust/library/core/src/iter/adapters/zip.rs:304
		if self.index < self.len {
	beq .LBB1_5
		// ~/.rustup/toolchains/nightly-aarch64-apple-darwin/lib/rustlib/src/rust/library/core/src/ptr/mut_ptr.rs:970
		unsafe { intrinsics::offset(self, count) }
	add.w r1, lr, #1
		// ~/.rustup/toolchains/nightly-aarch64-apple-darwin/lib/rustlib/src/rust/library/core/src/iter/adapters/zip.rs:304
		if self.index < self.len {
	cmp.w r12, #2
		// src/lib.rs:38
		for ((&x, &y), z) in a.iter().zip(b.iter()).zip(out.iter_mut()) {
	ldr.w r3, [r0, r1, lsl #2]
	ldr.w r4, [r2, r1, lsl #2]
		// src/lib.rs:39
		*z = x + y;
	add r3, r4
	str.w r3, [r8, r1, lsl #2]
		// ~/.rustup/toolchains/nightly-aarch64-apple-darwin/lib/rustlib/src/rust/library/core/src/iter/adapters/zip.rs:304
		if self.index < self.len {
	beq .LBB1_5
		// ~/.rustup/toolchains/nightly-aarch64-apple-darwin/lib/rustlib/src/rust/library/core/src/ptr/mut_ptr.rs:970
		unsafe { intrinsics::offset(self, count) }
	add.w r1, lr, #2
		// src/lib.rs:38
		for ((&x, &y), z) in a.iter().zip(b.iter()).zip(out.iter_mut()) {
	ldr.w r0, [r0, r1, lsl #2]
	ldr.w r2, [r2, r1, lsl #2]
		// src/lib.rs:39
		*z = x + y;
	add r0, r2
	str.w r0, [r8, r1, lsl #2]
		// src/lib.rs:41
		}
	pop.w {r8, r9, r10, r11}
	pop {r4, r5, r6, r7, pc}
#+end_quote

Now, get the mve code:

#+begin_src shell
  cargo asm --lib add_arrays_mve --target thumbv8m.main-none-eabihf --rust -C target-feature=+mve
#+end_src

#+begin_quote
.section .text.add_arrays_mve,"ax",%progbits
	.globl	add_arrays_mve
	.p2align	1
	.type	add_arrays_mve,%function
	.code	16
	.thumb_func
add_arrays_mve:
		// src/lib.rs:37
		pub fn add_arrays_mve(a: &[i32], b: &[i32], out: &mut [i32]) {
	.fnstart
	.cfi_startproc
	.save	{r4, r5, r6, r7, lr}
	push {r4, r5, r6, r7, lr}
	.cfi_def_cfa_offset 20
	.cfi_offset lr, -4
	.cfi_offset r7, -8
	.cfi_offset r6, -12
	.cfi_offset r5, -16
	.cfi_offset r4, -20
	.setfp	r7, sp, #12
	add r7, sp, #12
	.cfi_def_cfa r7, 8
	.save	{r11}
	str r11, [sp, #-4]!
	.cfi_offset r11, -24
		// ~/.rustup/toolchains/nightly-aarch64-apple-darwin/lib/rustlib/src/rust/library/core/src/cmp.rs:1077
		if other < self { other } else { self }
	cmp r3, r1
	ldr r6, [r7, #12]
	csel r1, r3, r1, lo
	cmp r6, r1
	csel r1, r6, r1, lo
		// ~/.rustup/toolchains/nightly-aarch64-apple-darwin/lib/rustlib/src/rust/library/core/src/iter/adapters/zip.rs:304
		if self.index < self.len {
	cbz r1, .LBB1_8
	ldr.w r12, [r7, #8]
	cmp r1, #4
	bhs .LBB1_3
	mov.w lr, #0
	b .LBB1_6
.LBB1_3:
	movw r3, #65532
	mov r4, r2
	movt r3, #8191
	and.w lr, r1, r3
	mov r3, r0
	mov r5, r12
	mov r6, lr
.LBB1_4:
		// src/lib.rs:38
		for ((&x, &y), z) in a.iter().zip(b.iter()).zip(out.iter_mut()) {
	vldrw.u32 q0, [r3], #16
	vldrw.u32 q1, [r4], #16
		// ~/.rustup/toolchains/nightly-aarch64-apple-darwin/lib/rustlib/src/rust/library/core/src/iter/adapters/zip.rs:304
		if self.index < self.len {
	subs r6, #4
		// src/lib.rs:39
		*z = x + y;
	vadd.i32 q0, q1, q0
	vstrb.8 q0, [r5], #16
		// ~/.rustup/toolchains/nightly-aarch64-apple-darwin/lib/rustlib/src/rust/library/core/src/iter/adapters/zip.rs:304
		if self.index < self.len {
	bne .LBB1_4
	cmp r1, lr
	beq .LBB1_8
.LBB1_6:
	sub.w r1, r1, lr
	add.w r0, r0, lr, lsl #2
	add.w r2, r2, lr, lsl #2
	add.w r3, r12, lr, lsl #2
.LBB1_7:
		// src/lib.rs:38
		for ((&x, &y), z) in a.iter().zip(b.iter()).zip(out.iter_mut()) {
	ldr r6, [r0], #4
		// ~/.rustup/toolchains/nightly-aarch64-apple-darwin/lib/rustlib/src/rust/library/core/src/iter/adapters/zip.rs:304
		if self.index < self.len {
	subs r1, #1
		// src/lib.rs:38
		for ((&x, &y), z) in a.iter().zip(b.iter()).zip(out.iter_mut()) {
	ldr r5, [r2], #4
		// src/lib.rs:39
		*z = x + y;
	add r6, r5
	str r6, [r3], #4
		// ~/.rustup/toolchains/nightly-aarch64-apple-darwin/lib/rustlib/src/rust/library/core/src/iter/adapters/zip.rs:304
		if self.index < self.len {
	bne .LBB1_7
.LBB1_8:
		// src/lib.rs:41
		}
	ldr r11, [sp], #4
	pop {r4, r5, r6, r7, pc}
#+end_quote


* VPT Predication

Check the assembly code that without the target-feature

#+begin_src shell
  cargo asm --lib relu_mve --target thumbv8m.main-none-eabihf --rust
#+end_src

#+begin_quote
.section .text.relu_mve,"ax",%progbits
	.globl	relu_mve
	.p2align	1
	.type	relu_mve,%function
	.code	16
	.thumb_func
relu_mve:
	.fnstart
	.cfi_startproc
		// ~/.rustup/toolchains/nightly-aarch64-apple-darwin/lib/rustlib/src/rust/library/core/src/slice/iter/macros.rs:180
		if ptr == crate::intrinsics::transmute::<$ptr, NonNull<T>>(end_or_len) {
	cmp r1, #0
		// src/lib.rs:52
		}
	it eq
	bxeq lr
	.save	{r7, lr}
	push {r7, lr}
	.cfi_def_cfa_offset 8
	.cfi_offset lr, -4
	.cfi_offset r7, -8
	.setfp	r7, sp
	mov r7, sp
	.cfi_def_cfa_register r7
	lsls r2, r1, #2
		// src/lib.rs:48
		if *x < 0.0 {
	sub.w lr, r2, #4
	mvn.w r2, lr
	tst.w r2, #12
	mov r2, r0
	beq .LBB2_5
	vldr s0, [r0]
		// ~/.rustup/toolchains/nightly-aarch64-apple-darwin/lib/rustlib/src/rust/library/core/src/ptr/non_null.rs:614
		unsafe { transmute(intrinsics::offset(self.as_ptr(), count)) }
	adds r2, r0, #4
		// src/lib.rs:48
		if *x < 0.0 {
	vcmp.f32 s0, #0
	vmrs APSR_nzcv, fpscr
	itt mi
	movmi r3, #0
		// src/lib.rs:49
		*x = 0.0;
	strmi r3, [r0]
		// ~/.rustup/toolchains/nightly-aarch64-apple-darwin/lib/rustlib/src/rust/library/core/src/slice/iter/macros.rs:180
		if ptr == crate::intrinsics::transmute::<$ptr, NonNull<T>>(end_or_len) {
	tst.w lr, #12
	beq .LBB2_5
		// src/lib.rs:48
		if *x < 0.0 {
	vldr s0, [r0, #4]
		// ~/.rustup/toolchains/nightly-aarch64-apple-darwin/lib/rustlib/src/rust/library/core/src/ptr/non_null.rs:614
		unsafe { transmute(intrinsics::offset(self.as_ptr(), count)) }
	add.w r12, r0, #8
		// src/lib.rs:48
		if *x < 0.0 {
	vcmp.f32 s0, #0
	vmrs APSR_nzcv, fpscr
	itt mi
	movmi r3, #0
		// src/lib.rs:49
		*x = 0.0;
	strmi r3, [r2]
		// ~/.rustup/toolchains/nightly-aarch64-apple-darwin/lib/rustlib/src/rust/library/core/src/slice/iter/macros.rs:180
		if ptr == crate::intrinsics::transmute::<$ptr, NonNull<T>>(end_or_len) {
	and r2, lr, #12
	cmp r2, #4
	bne .LBB2_9
	mov r2, r12
.LBB2_5:
		// src/lib.rs:48
		if *x < 0.0 {
	cmp.w lr, #12
	blo .LBB2_8
.LBB2_6:
	add.w r0, r0, r1, lsl #2
	movs r1, #0
.LBB2_7:
	vldr s0, [r2]
	vcmp.f32 s0, #0
	vmrs APSR_nzcv, fpscr
		// src/lib.rs:49
		*x = 0.0;
	it mi
	strmi r1, [r2]
		// src/lib.rs:48
		if *x < 0.0 {
	vldr s0, [r2, #4]
	vcmp.f32 s0, #0
	vmrs APSR_nzcv, fpscr
		// src/lib.rs:49
		*x = 0.0;
	it mi
	strmi r1, [r2, #4]
		// src/lib.rs:48
		if *x < 0.0 {
	vldr s0, [r2, #8]
	vcmp.f32 s0, #0
	vmrs APSR_nzcv, fpscr
		// src/lib.rs:49
		*x = 0.0;
	it mi
	strmi r1, [r2, #8]
		// src/lib.rs:48
		if *x < 0.0 {
	vldr s0, [r2, #12]
	vcmp.f32 s0, #0
	vmrs APSR_nzcv, fpscr
		// src/lib.rs:49
		*x = 0.0;
	it mi
	strmi r1, [r2, #12]
	adds r2, #16
		// ~/.rustup/toolchains/nightly-aarch64-apple-darwin/lib/rustlib/src/rust/library/core/src/slice/iter/macros.rs:180
		if ptr == crate::intrinsics::transmute::<$ptr, NonNull<T>>(end_or_len) {
	cmp r2, r0
	bne .LBB2_7
.LBB2_8:
	pop.w {r7, lr}
		// src/lib.rs:52
		}
	bx lr
.LBB2_9:
		// src/lib.rs:48
		if *x < 0.0 {
	vldr s0, [r0, #8]
		// ~/.rustup/toolchains/nightly-aarch64-apple-darwin/lib/rustlib/src/rust/library/core/src/ptr/non_null.rs:614
		unsafe { transmute(intrinsics::offset(self.as_ptr(), count)) }
	add.w r2, r0, #12
		// src/lib.rs:48
		if *x < 0.0 {
	vcmp.f32 s0, #0
	vmrs APSR_nzcv, fpscr
	itt mi
	movmi r3, #0
		// src/lib.rs:49
		*x = 0.0;
	strmi.w r3, [r12]
		// src/lib.rs:48
		if *x < 0.0 {
	cmp.w lr, #12
	bhs .LBB2_6
	b .LBB2_8
#+end_quote

#+begin_src shell
  cargo asm --lib relu_mve --target thumbv8m.main-none-eabihf --rust -C target-feature=+mve.fp
#+end_src

Get the assembly code

#+begin_quote
.section .text.relu_mve,"ax",%progbits
	.globl	relu_mve
	.p2align	1
	.type	relu_mve,%function
	.code	16
	.thumb_func
relu_mve:
	.fnstart
	.cfi_startproc
		// ~/.rustup/toolchains/nightly-aarch64-apple-darwin/lib/rustlib/src/rust/library/core/src/slice/iter/macros.rs:180
		if ptr == crate::intrinsics::transmute::<$ptr, NonNull<T>>(end_or_len) {
	cmp r1, #0
		// src/lib.rs:52
		}
	it eq
	bxeq lr
	.save	{r4, r6, r7, lr}
	push {r4, r6, r7, lr}
	.cfi_def_cfa_offset 16
	.cfi_offset lr, -4
	.cfi_offset r7, -8
	.cfi_offset r6, -12
	.cfi_offset r4, -16
	.setfp	r7, sp, #8
	add r7, sp, #8
	.cfi_def_cfa r7, 8
	lsls r2, r1, #2
		// src/lib.rs:48
		if *x < 0.0 {
	subs r3, r2, #4
	mov r2, r0
	cmp r3, #12
	blo .LBB2_5
	movs r2, #1
	add.w r12, r2, r3, lsr #2
	bic lr, r12, #3
	vmov.i32 q0, #0x0
	mov r3, r0
	add.w r2, r0, lr, lsl #2
	mov r4, lr
.LBB2_3:
	vldrw.u32 q1, [r3]
		// ~/.rustup/toolchains/nightly-aarch64-apple-darwin/lib/rustlib/src/rust/library/core/src/slice/iter/macros.rs:180
		if ptr == crate::intrinsics::transmute::<$ptr, NonNull<T>>(end_or_len) {
	subs r4, #4
		// src/lib.rs:49
		*x = 0.0;
	vpt.f32 lt, q1, zr
	vstrwt.32 q0, [r3], #16
		// ~/.rustup/toolchains/nightly-aarch64-apple-darwin/lib/rustlib/src/rust/library/core/src/slice/iter/macros.rs:180
		if ptr == crate::intrinsics::transmute::<$ptr, NonNull<T>>(end_or_len) {
	bne .LBB2_3
	cmp r12, lr
	beq .LBB2_7
.LBB2_5:
	add.w r0, r0, r1, lsl #2
	movs r1, #0
.LBB2_6:
		// src/lib.rs:48
		if *x < 0.0 {
	vldr s0, [r2]
	vcmp.f32 s0, #0
	vmrs APSR_nzcv, fpscr
		// src/lib.rs:49
		*x = 0.0;
	it mi
	strmi r1, [r2]
	adds r2, #4
		// ~/.rustup/toolchains/nightly-aarch64-apple-darwin/lib/rustlib/src/rust/library/core/src/slice/iter/macros.rs:180
		if ptr == crate::intrinsics::transmute::<$ptr, NonNull<T>>(end_or_len) {
	cmp r2, r0
	bne .LBB2_6
.LBB2_7:
	pop.w {r4, r6, r7, lr}
		// src/lib.rs:52
		}
	bx lr
#+end_quote

Wanna check if M2 has the optimization: remove the ~#[cfg(target_os = "none")]~ of ~relu_mve~

#+begin_src shell
  cargo asm --lib relu_mve --rust
#+end_src

#+begin_quote
.section __TEXT,__text,regular,pure_instructions
	.globl	_relu_mve
	.p2align	2
_relu_mve:
Lfunc_begin2:
	.cfi_startproc
		// ~/.rustup/toolchains/nightly-aarch64-apple-darwin/lib/rustlib/src/rust/library/core/src/slice/iter/macros.rs:180
		if ptr == crate::intrinsics::transmute::<$ptr, NonNull<T>>(end_or_len) {
	cbz x1, LBB2_51
	lsl x8, x1, #2
		// src/lib.rs:48
		if *x < 0.0 {
	sub x10, x8, #4
	mov x11, x0
	cmp x10, #12
	b.lo LBB2_53
	lsr x9, x10, #2
	add x9, x9, #1
	cmp x10, #60
	b.hs LBB2_4
	mov x10, #0
	b LBB2_40
LBB2_4:
	and x11, x9, #0xc
	and x10, x9, #0x7ffffffffffffff0
	add x12, x0, #32
	and x13, x9, #0x7ffffffffffffff0
	b LBB2_6
LBB2_5:
		// ~/.rustup/toolchains/nightly-aarch64-apple-darwin/lib/rustlib/src/rust/library/core/src/slice/iter/macros.rs:180
		if ptr == crate::intrinsics::transmute::<$ptr, NonNull<T>>(end_or_len) {
	add x12, x12, #64
	subs x13, x13, #16
	b.eq LBB2_38
LBB2_6:
		// src/lib.rs:48
		if *x < 0.0 {
	ldur q0, [x12, #-32]
	fcmp s0, #0.0
	b.mi LBB2_22
	mov s1, v0[1]
	fcmp s1, #0.0
	b.mi LBB2_23
LBB2_8:
	mov s1, v0[2]
	fcmp s1, #0.0
	b.mi LBB2_24
LBB2_9:
	mov s0, v0[3]
	fcmp s0, #0.0
	b.mi LBB2_25
LBB2_10:
	ldur q0, [x12, #-16]
	fcmp s0, #0.0
	b.mi LBB2_26
LBB2_11:
	mov s1, v0[1]
	fcmp s1, #0.0
	b.mi LBB2_27
LBB2_12:
	mov s1, v0[2]
	fcmp s1, #0.0
	b.mi LBB2_28
LBB2_13:
	mov s0, v0[3]
	fcmp s0, #0.0
	b.mi LBB2_29
LBB2_14:
	ldr q1, [x12]
	fcmp s1, #0.0
	b.mi LBB2_30
LBB2_15:
	mov s0, v1[1]
	fcmp s0, #0.0
	b.mi LBB2_31
LBB2_16:
	ldr q0, [x12, #16]
	mov s2, v1[2]
	fcmp s2, #0.0
	b.mi LBB2_32
LBB2_17:
	mov s1, v1[3]
	fcmp s1, #0.0
	b.mi LBB2_33
LBB2_18:
	fcmp s0, #0.0
	b.mi LBB2_34
LBB2_19:
	mov s1, v0[1]
	fcmp s1, #0.0
	b.mi LBB2_35
LBB2_20:
	mov s1, v0[2]
	fcmp s1, #0.0
	b.mi LBB2_36
LBB2_21:
	mov s0, v0[3]
	fcmp s0, #0.0
	b.pl LBB2_5
	b LBB2_37
LBB2_22:
		// src/lib.rs:49
		*x = 0.0;
	stur wzr, [x12, #-32]
		// src/lib.rs:48
		if *x < 0.0 {
	mov s1, v0[1]
	fcmp s1, #0.0
	b.pl LBB2_8
LBB2_23:
		// src/lib.rs:49
		*x = 0.0;
	stur wzr, [x12, #-28]
		// src/lib.rs:48
		if *x < 0.0 {
	mov s1, v0[2]
	fcmp s1, #0.0
	b.pl LBB2_9
LBB2_24:
		// src/lib.rs:49
		*x = 0.0;
	stur wzr, [x12, #-24]
		// src/lib.rs:48
		if *x < 0.0 {
	mov s0, v0[3]
	fcmp s0, #0.0
	b.pl LBB2_10
LBB2_25:
		// src/lib.rs:49
		*x = 0.0;
	stur wzr, [x12, #-20]
		// src/lib.rs:48
		if *x < 0.0 {
	ldur q0, [x12, #-16]
	fcmp s0, #0.0
	b.pl LBB2_11
LBB2_26:
		// src/lib.rs:49
		*x = 0.0;
	stur wzr, [x12, #-16]
		// src/lib.rs:48
		if *x < 0.0 {
	mov s1, v0[1]
	fcmp s1, #0.0
	b.pl LBB2_12
LBB2_27:
		// src/lib.rs:49
		*x = 0.0;
	stur wzr, [x12, #-12]
		// src/lib.rs:48
		if *x < 0.0 {
	mov s1, v0[2]
	fcmp s1, #0.0
	b.pl LBB2_13
LBB2_28:
		// src/lib.rs:49
		*x = 0.0;
	stur wzr, [x12, #-8]
		// src/lib.rs:48
		if *x < 0.0 {
	mov s0, v0[3]
	fcmp s0, #0.0
	b.pl LBB2_14
LBB2_29:
		// src/lib.rs:49
		*x = 0.0;
	stur wzr, [x12, #-4]
		// src/lib.rs:48
		if *x < 0.0 {
	ldr q1, [x12]
	fcmp s1, #0.0
	b.pl LBB2_15
LBB2_30:
		// src/lib.rs:49
		*x = 0.0;
	str wzr, [x12]
		// src/lib.rs:48
		if *x < 0.0 {
	mov s0, v1[1]
	fcmp s0, #0.0
	b.pl LBB2_16
LBB2_31:
		// src/lib.rs:49
		*x = 0.0;
	str wzr, [x12, #4]
		// src/lib.rs:48
		if *x < 0.0 {
	ldr q0, [x12, #16]
	mov s2, v1[2]
	fcmp s2, #0.0
	b.pl LBB2_17
LBB2_32:
		// src/lib.rs:49
		*x = 0.0;
	str wzr, [x12, #8]
		// src/lib.rs:48
		if *x < 0.0 {
	mov s1, v1[3]
	fcmp s1, #0.0
	b.pl LBB2_18
LBB2_33:
		// src/lib.rs:49
		*x = 0.0;
	str wzr, [x12, #12]
		// src/lib.rs:48
		if *x < 0.0 {
	fcmp s0, #0.0
	b.pl LBB2_19
LBB2_34:
		// src/lib.rs:49
		*x = 0.0;
	str wzr, [x12, #16]
		// src/lib.rs:48
		if *x < 0.0 {
	mov s1, v0[1]
	fcmp s1, #0.0
	b.pl LBB2_20
LBB2_35:
		// src/lib.rs:49
		*x = 0.0;
	str wzr, [x12, #20]
		// src/lib.rs:48
		if *x < 0.0 {
	mov s1, v0[2]
	fcmp s1, #0.0
	b.pl LBB2_21
LBB2_36:
		// src/lib.rs:49
		*x = 0.0;
	str wzr, [x12, #24]
		// src/lib.rs:48
		if *x < 0.0 {
	mov s0, v0[3]
	fcmp s0, #0.0
	b.pl LBB2_5
LBB2_37:
		// src/lib.rs:49
		*x = 0.0;
	str wzr, [x12, #28]
	b LBB2_5
LBB2_38:
		// ~/.rustup/toolchains/nightly-aarch64-apple-darwin/lib/rustlib/src/rust/library/core/src/slice/iter/macros.rs:180
		if ptr == crate::intrinsics::transmute::<$ptr, NonNull<T>>(end_or_len) {
	cmp x9, x10
	b.eq LBB2_51
	cbz x11, LBB2_52
LBB2_40:
	and x12, x9, #0x7ffffffffffffffc
	add x11, x0, x12, lsl #2
	sub x13, x10, x12
	add x10, x0, x10, lsl #2
	b LBB2_42
LBB2_41:
	add x10, x10, #16
	adds x13, x13, #4
	b.eq LBB2_50
LBB2_42:
		// src/lib.rs:48
		if *x < 0.0 {
	ldr q0, [x10]
	fcmp s0, #0.0
	b.mi LBB2_46
	mov s1, v0[1]
	fcmp s1, #0.0
	b.mi LBB2_47
LBB2_44:
	mov s1, v0[2]
	fcmp s1, #0.0
	b.mi LBB2_48
LBB2_45:
	mov s0, v0[3]
	fcmp s0, #0.0
	b.pl LBB2_41
	b LBB2_49
LBB2_46:
		// src/lib.rs:49
		*x = 0.0;
	str wzr, [x10]
		// src/lib.rs:48
		if *x < 0.0 {
	mov s1, v0[1]
	fcmp s1, #0.0
	b.pl LBB2_44
LBB2_47:
		// src/lib.rs:49
		*x = 0.0;
	str wzr, [x10, #4]
		// src/lib.rs:48
		if *x < 0.0 {
	mov s1, v0[2]
	fcmp s1, #0.0
	b.pl LBB2_45
LBB2_48:
		// src/lib.rs:49
		*x = 0.0;
	str wzr, [x10, #8]
		// src/lib.rs:48
		if *x < 0.0 {
	mov s0, v0[3]
	fcmp s0, #0.0
	b.pl LBB2_41
LBB2_49:
		// src/lib.rs:49
		*x = 0.0;
	str wzr, [x10, #12]
	b LBB2_41
LBB2_50:
		// ~/.rustup/toolchains/nightly-aarch64-apple-darwin/lib/rustlib/src/rust/library/core/src/slice/iter/macros.rs:180
		if ptr == crate::intrinsics::transmute::<$ptr, NonNull<T>>(end_or_len) {
	cmp x9, x12
	b.ne LBB2_53
LBB2_51:
		// src/lib.rs:52
		}
	ret
LBB2_52:
	add x11, x0, x10, lsl #2
LBB2_53:
	add x8, x0, x8
		// src/lib.rs:48
		if *x < 0.0 {
	mov x9, x11
	b LBB2_55
LBB2_54:
	mov x11, x9
		// ~/.rustup/toolchains/nightly-aarch64-apple-darwin/lib/rustlib/src/rust/library/core/src/slice/iter/macros.rs:180
		if ptr == crate::intrinsics::transmute::<$ptr, NonNull<T>>(end_or_len) {
	cmp x9, x8
	b.eq LBB2_51
LBB2_55:
		// src/lib.rs:48
		if *x < 0.0 {
	ldr s0, [x9], #4
	fcmp s0, #0.0
	b.pl LBB2_54
		// src/lib.rs:49
		*x = 0.0;
	str wzr, [x11]
	b LBB2_54
#+end_quote

** ARM MVE Architecture & Predication Q&A

*** Q1: What are the main pain points in traditional SIMD architectures (like ARM NEON) that MVE aims to solve?

A: Traditional SIMD struggles with two major issues:

1. *Conditional Branching*: If a loop contains an ~if/else~ statement, traditional SIMD cannot easily execute the ~if~ logic on some lanes and the ~else~ logic on others simultaneously.
2. *Tail-Handling Overhead*: If an array's length is not a perfect multiple of the vector width (e.g., 11 elements processed 4 at a time), SIMD can only process the first 8 elements in parallel. The remaining 3 "tail" elements require writing completely separate, redundant scalar loop code to finish the job.

*** Q2: What is VPT Predication (Vector Predicate Then) and how does it eliminate branches?

A: VPT Predication is a hardware mechanism in MVE (Helium) that removes the need for conditional branches (like ~b.mi~ or ~b.ne~) inside loops. It works by:

1. Running a vector comparison instruction (e.g., ~VCMP.F32~) that checks a condition across all lanes.
2. Storing the boolean results (e.g., True, False, True, False) into a dedicated *Vector Predicate Register (VPR)* as a mask.
3. Using subsequent instructions with a ~T~ (Then) suffix (e.g., ~VSTRWT.32~). The hardware will only execute the memory store on the lanes where the VPR mask is True, leaving the False lanes completely untouched.

*** Q3: How does Loop Tail Predication (LETP) solve the SIMD tail-handling problem?

A: Loop Tail Predication allows the hardware to automatically handle the leftover elements at the end of an array without needing a separate scalar cleanup loop.
Using instructions like ~WLTP~ (While Loop Tail Predicate) at the start and ~LETP~ (Loop End Tail Predicate) at the bottom, the CPU tracks the remaining total element count. On the final iteration, the hardware automatically generates a predicate mask that disables the inactive lanes (e.g., processing only 3 out of 4 lanes), preventing out-of-bounds memory access natively.

*** Q4: Why does a powerful chip like the Apple M2 (NEON) generate hundreds of lines of assembly for a SIMD loop, while Cortex-M (MVE) does it in just a few lines?

A: The Apple M2 lacks hardware-level features like VPT and LETP. To handle conditional logic and loop tails, the LLVM compiler is forced to use "Scalar Lane Extraction". It loads a full vector (~ldur q0~), extracts each lane into a scalar register (~mov s1, v0[1]~), and runs traditional scalar ~if~ comparisons and branches (~fcmp~ and ~b.mi~). Furthermore, LLVM performs massive "Loop Unrolling" to hide latencies, resulting in a mountain of assembly code compared to MVE's elegant, compact instruction stream.

*** Q5: If the Apple M2 relies on so many branch instructions (~b.mi~), shouldn't pipeline flushes ruin its performance? Why is it still so fast?

A: The M2 relies on a completely different architectural philosophy: a massive Reorder Buffer (ROB) and an exceptionally accurate Branch Predictor (using complex Pattern History Tables and TAGE predictors).
Because the M2 can guess the outcome of those branches correctly >95% of the time, the pipeline rarely flushes. Its Out-of-Order execution engine then swallows hundreds of these extracted scalar instructions and processes them in parallel across multiple execution ports. It achieves vector-like throughput via brute-force prediction and massive superscalar execution.

*** Q6: What is the notorious ~vmrs~ pipeline bottleneck in traditional ARM, and how does MVE bypass it?

A: In traditional ARM without MVE, evaluating a floating-point condition requires the ~vmrs APSR_nzcv, fpscr~ instruction. This forces the Floating-Point Unit (FPU) to sync its status flags over to the main CPU's integer ALU so the CPU can perform a branch. Syncing two independent hardware blocks causes a severe pipeline stall.
MVE completely bypasses this by keeping the comparison results inside the vector unit (storing them in the VPR) and executing the predicated instructions locally, entirely avoiding the main CPU's branch execution unit.

* Assembly Instructions Cheat Sheet

** 1. Apple M2 (AArch64 Architecture)
Primarily used for macOS native development. Key features include thirty-one 64-bit general-purpose registers (~x0~-~x30~), a immensely powerful NEON SIMD engine, and world-class branch prediction capabilities.

| Instruction | Feature | Description | Example & Analysis |
|-------------+---------+-------------+--------------------|
| ~add~ / ~sub~ | Base | Arithmetic Add / Subtract | ~sub sp, sp, #0x50~ (Allocates 80 bytes of stack space) |
| ~cmp~ | Base | Compare and update flags | ~cmp x10, #12~ (Uses subtraction under the hood but discards the result) |
| ~b.<cond>~ | Base | Conditional Branch | ~b.mi~ (Branch on Minus), ~b.pl~ (Branch on Plus), ~b.eq~ (Branch on Equal) |
| ~cbz~ / ~cbnz~| Base | Compare and Branch on Zero | ~cbz x1, LBB2_51~ (Branch if x1 == 0. An optimized combo of cmp+b) |
| ~ldr~ / ~str~ | Base | Load / Store Register | ~ldr x0, [sp, #0x10]~ (Reads data from memory into x0) |
| ~ldp~ / ~stp~ | Base | Load / Store Pair | ~stp x29, x30, [sp, #0x40]~ (Two-for-one memory access. Crucial for saving FP and LR) |
| ~ldur~ / ~stur~| Base | Unscaled Load / Store | ~stur wzr, [x12, #-32]~ ('U' stands for Unscaled, allowing negative byte offsets) |
| ~csel~ | Base (Armv8)| Condition Select | ~csel x8, x3, x1, lo~ (Branchless ternary operator. Eliminates pipeline stalls) |
| ~ret~ | Base | Return from Subroutine | Sets the PC (Program Counter) back to the address stored in ~x30~ (LR) |
| ~fcmp~ | NEON/FPU| Floating-point Compare | ~fcmp s0, #0.0~ |
| ~add.4s~ | NEON (SIMD)| Vector Addition | ~add.4s v0, v4, v0~ (Adds four 32-bit single-precision floats in parallel) |
| ~mov~ (Lane) | NEON (SIMD)| Vector Lane Extraction | ~mov s1, v0[1]~ (M2's trick for SIMD tails: extract vector lanes into scalars for branching) |
| ~wzr~ / ~xzr~ | Base (HW) | Physical Zero Register | Hardwired to 0. M2 writes ~wzr~ to memory to fake a float ~0.0~, bypassing the FPU |


** 2. ARM Cortex-M (Thumb-2 Architecture)
Primarily used for bare-metal microcontroller development. Features traditional scalar processing, standard Floating-Point Units (FPU), and the modern Vector Extension (MVE / Helium).

| Instruction | Feature | Description | Example & Analysis |
|-------------+---------+-------------+--------------------|
| ~push~ / ~pop~ | Base (Thumb)| Push / Pop Registers | ~push {r4, r5, r6, lr}~ (Saves multiple registers to the stack simultaneously) |
| ~bl~ | Base (Thumb)| Branch with Link | ~bl helper~ (Calls a function. Hardware automatically saves the return address into LR) |
| ~ldrd~ | Base (Thumb)| Load Register Dual | ~ldrd r6, r3, [r5, #4]~ (Loads 64 bits at once, often seen in software loop unrolling) |
| ~stm~ | Base (Thumb)| Store Multiple | ~stm r6!, {r1, r3, r5}~ (Highly code-density-efficient bulk memory write) |
| ~it~ / ~itt~ | Thumb-2 | If-Then Condition Block | ~itt mi~ (Declares that the next two instructions execute ONLY if the 'mi' flag is set) |
| ~movlo~ / ~strmi~| Thumb-2 | Conditional Execution | ~strmi r3, [r0]~ (The 'mi' suffix makes it execute conditionally without branching) |
| ~vmrs~ | FPU (No MVE)| Move from State Register| ~vmrs APSR_nzcv, fpscr~ (The notorious bottleneck: forcing FPU flags to sync with the main CPU) |
| ~vldrw.u32~ | MVE (+mve)| Vector Load Word | ~vldrw.u32 q0, [r3], #16~ (Instantly loads four 32-bit values and auto-increments the pointer by 16) |
| ~vadd.i32~ | MVE (+mve)| Vector Integer Add | ~vadd.i32 q0, q1, q0~ (Adds 4 lanes simultaneously with zero looping overhead) |
| ~vpt.f32~ | MVE (+mve.fp)| Vector Predicate Then | ~vpt.f32 lt, q1, zr~ (Core MVE magic: compares vector lanes and generates a VPR hardware mask) |
| ~vstrwt.32~ | MVE (+mve)| Conditional Vector Store| ~vstrwt.32 q0, [r3]~ ('T' stands for Then. Overwrites memory ONLY for lanes where the VPR mask is True) |
| ~WLTP~ / ~LETP~| MVE (+mve)| Loop Tail Predication | (Hardware natively truncates the active lane mask for array tails, eliminating scalar cleanup loops) |
